# JRE version: OpenJDK Runtime Environment Corretto-11.0.13.8.1 (11.0.13+8) (build 11.0.13+8-LTS)
# Java VM: OpenJDK 64-Bit Server VM Corretto-11.0.13.8.1 (11.0.13+8-LTS, mixed mode, tiered, compressed oops, g1 gc, windows-amd64)
Heap:
 garbage-first heap   total 271360K, used 188394K [0x0000000701000000, 0x0000000800000000)
  region size 1024K, 11 young (11264K), 3 survivors (3072K)
 Metaspace       used 26589K, capacity 27100K, committed 27264K, reserved 1073152K
  class space    used 2625K, capacity 2835K, committed 2944K, reserved 1048576K
GC Heap History (20 events):
Event: 12.209 GC heap before
{Heap before GC invocations=8 (full 0):
 garbage-first heap   total 271360K, used 153505K [0x0000000701000000, 0x0000000800000000)
  region size 1024K, 18 young (18432K), 14 survivors (14336K)
 Metaspace       used 26310K, capacity 26838K, committed 27008K, reserved 1073152K
  class space    used 2608K, capacity 2833K, committed 2944K, reserved 1048576K
}
Event: 12.212 GC heap after
{Heap after GC invocations=9 (full 0):
 garbage-first heap   total 271360K, used 153106K [0x0000000701000000, 0x0000000800000000)
  region size 1024K, 2 young (2048K), 2 survivors (2048K)
 Metaspace       used 26310K, capacity 26838K, committed 27008K, reserved 1073152K
  class space    used 2608K, capacity 2833K, committed 2944K, reserved 1048576K
}
Event: 13.733 GC heap before
{Heap before GC invocations=10 (full 0):
 garbage-first heap   total 271360K, used 190994K [0x0000000701000000, 0x0000000800000000)
  region size 1024K, 40 young (40960K), 2 survivors (2048K)
 Metaspace       used 26380K, capacity 26902K, committed 27264K, reserved 1073152K
  class space    used 2609K, capacity 2833K, committed 2944K, reserved 1048576K
}
Event: 13.735 GC heap after
{Heap after GC invocations=11 (full 0):
 garbage-first heap   total 271360K, used 162236K [0x0000000701000000, 0x0000000800000000)
  region size 1024K, 5 young (5120K), 5 survivors (5120K)
 Metaspace       used 26380K, capacity 26902K, committed 27264K, reserved 1073152K
  class space    used 2609K, capacity 2833K, committed 2944K, reserved 1048576K
}
Event: 13.863 GC heap before
{Heap before GC invocations=11 (full 0):
 garbage-first heap   total 271360K, used 166332K [0x0000000701000000, 0x0000000800000000)
  region size 1024K, 11 young (11264K), 5 survivors (5120K)
 Metaspace       used 26518K, capacity 27030K, committed 27264K, reserved 1073152K
  class space    used 2618K, capacity 2833K, committed 2944K, reserved 1048576K
}
Event: 13.865 GC heap after
{Heap after GC invocations=12 (full 0):
 garbage-first heap   total 271360K, used 164993K [0x0000000701000000, 0x0000000800000000)
  region size 1024K, 4 young (4096K), 4 survivors (4096K)
 Metaspace       used 26518K, capacity 27030K, committed 27264K, reserved 1073152K
  class space    used 2618K, capacity 2833K, committed 2944K, reserved 1048576K
}
Event: 13.906 GC heap before
{Heap before GC invocations=13 (full 0):
 garbage-first heap   total 271360K, used 168065K [0x0000000701000000, 0x0000000800000000)
  region size 1024K, 6 young (6144K), 4 survivors (4096K)
 Metaspace       used 26531K, capacity 27036K, committed 27264K, reserved 1073152K
  class space    used 2621K, capacity 2835K, committed 2944K, reserved 1048576K
}
Event: 13.907 GC heap after
{Heap after GC invocations=14 (full 0):
 garbage-first heap   total 271360K, used 167559K [0x0000000701000000, 0x0000000800000000)
  region size 1024K, 1 young (1024K), 1 survivors (1024K)
 Metaspace       used 26531K, capacity 27036K, committed 27264K, reserved 1073152K
  class space    used 2621K, capacity 2835K, committed 2944K, reserved 1048576K
}
Event: 13.955 GC heap before
{Heap before GC invocations=15 (full 0):
 garbage-first heap   total 271360K, used 171655K [0x0000000701000000, 0x0000000800000000)
  region size 1024K, 5 young (5120K), 1 survivors (1024K)
 Metaspace       used 26531K, capacity 27036K, committed 27264K, reserved 1073152K
  class space    used 2621K, capacity 2835K, committed 2944K, reserved 1048576K
}
Event: 13.956 GC heap after
{Heap after GC invocations=16 (full 0):
 garbage-first heap   total 271360K, used 171798K [0x0000000701000000, 0x0000000800000000)
  region size 1024K, 3 young (3072K), 3 survivors (3072K)
 Metaspace       used 26531K, capacity 27036K, committed 27264K, reserved 1073152K
  class space    used 2621K, capacity 2835K, committed 2944K, reserved 1048576K
}
Event: 13.997 GC heap before
{Heap before GC invocations=17 (full 0):
 garbage-first heap   total 271360K, used 175894K [0x0000000701000000, 0x0000000800000000)
  region size 1024K, 6 young (6144K), 3 survivors (3072K)
 Metaspace       used 26538K, capacity 27036K, committed 27264K, reserved 1073152K
  class space    used 2622K, capacity 2835K, committed 2944K, reserved 1048576K
}
Event: 13.998 GC heap after
{Heap after GC invocations=18 (full 0):
 garbage-first heap   total 271360K, used 174134K [0x0000000701000000, 0x0000000800000000)
  region size 1024K, 3 young (3072K), 3 survivors (3072K)
 Metaspace       used 26538K, capacity 27036K, committed 27264K, reserved 1073152K
  class space    used 2622K, capacity 2835K, committed 2944K, reserved 1048576K
}
Event: 14.023 GC heap before
{Heap before GC invocations=19 (full 0):
 garbage-first heap   total 271360K, used 175158K [0x0000000701000000, 0x0000000800000000)
  region size 1024K, 4 young (4096K), 3 survivors (3072K)
 Metaspace       used 26538K, capacity 27036K, committed 27264K, reserved 1073152K
  class space    used 2622K, capacity 2835K, committed 2944K, reserved 1048576K
}
Event: 14.038 GC heap after
{Heap after GC invocations=20 (full 0):
 garbage-first heap   total 271360K, used 174778K [0x0000000701000000, 0x0000000800000000)
  region size 1024K, 3 young (3072K), 3 survivors (3072K)
 Metaspace       used 26538K, capacity 27036K, committed 27264K, reserved 1073152K
  class space    used 2622K, capacity 2835K, committed 2944K, reserved 1048576K
}
Event: 14.230 GC heap before
{Heap before GC invocations=21 (full 0):
 garbage-first heap   total 271360K, used 175802K [0x0000000701000000, 0x0000000800000000)
  region size 1024K, 5 young (5120K), 3 survivors (3072K)
 Metaspace       used 26556K, capacity 27100K, committed 27264K, reserved 1073152K
  class space    used 2623K, capacity 2835K, committed 2944K, reserved 1048576K
}
Event: 14.230 GC heap after
{Heap after GC invocations=22 (full 0):
 garbage-first heap   total 271360K, used 176609K [0x0000000701000000, 0x0000000800000000)
  region size 1024K, 4 young (4096K), 4 survivors (4096K)
 Metaspace       used 26556K, capacity 27100K, committed 27264K, reserved 1073152K
  class space    used 2623K, capacity 2835K, committed 2944K, reserved 1048576K
}
Event: 14.499 GC heap before
{Heap before GC invocations=23 (full 0):
 garbage-first heap   total 271360K, used 178657K [0x0000000701000000, 0x0000000800000000)
  region size 1024K, 6 young (6144K), 4 survivors (4096K)
 Metaspace       used 26557K, capacity 27100K, committed 27264K, reserved 1073152K
  class space    used 2623K, capacity 2835K, committed 2944K, reserved 1048576K
}
Event: 14.500 GC heap after
{Heap after GC invocations=24 (full 0):
 garbage-first heap   total 271360K, used 177506K [0x0000000701000000, 0x0000000800000000)
  region size 1024K, 2 young (2048K), 2 survivors (2048K)
 Metaspace       used 26557K, capacity 27100K, committed 27264K, reserved 1073152K
  class space    used 2623K, capacity 2835K, committed 2944K, reserved 1048576K
}
Event: 14.723 GC heap before
{Heap before GC invocations=25 (full 0):
 garbage-first heap   total 271360K, used 181602K [0x0000000701000000, 0x0000000800000000)
  region size 1024K, 5 young (5120K), 2 survivors (2048K)
 Metaspace       used 26559K, capacity 27100K, committed 27264K, reserved 1073152K
  class space    used 2623K, capacity 2835K, committed 2944K, reserved 1048576K
}
Event: 14.724 GC heap after
{Heap after GC invocations=26 (full 0):
 garbage-first heap   total 271360K, used 180202K [0x0000000701000000, 0x0000000800000000)
  region size 1024K, 3 young (3072K), 3 survivors (3072K)
 Metaspace       used 26559K, capacity 27100K, committed 27264K, reserved 1073152K
  class space    used 2623K, capacity 2835K, committed 2944K, reserved 1048576K
}

